# JRE version: OpenJDK Runtime Environment AdoptOpenJDK (11.0.10+9) (build 11.0.10+9)
# Java VM: OpenJDK 64-Bit Server VM AdoptOpenJDK (11.0.10+9, mixed mode, tiered, compressed oops, g1 gc, windows-amd64)
Heap:
 garbage-first heap   total 183296K, used 112287K [0x0000000085200000, 0x0000000100000000)
  region size 1024K, 97 young (99328K), 8 survivors (8192K)
 Metaspace       used 70016K, capacity 71723K, committed 71884K, reserved 1112064K
  class space    used 8996K, capacity 9703K, committed 9728K, reserved 1048576K
GC Heap History (20 events):
Event: 1.175 GC heap before
{Heap before GC invocations=1 (full 0):
 garbage-first heap   total 126976K, used 13476K [0x0000000085200000, 0x0000000100000000)
  region size 1024K, 9 young (9216K), 2 survivors (2048K)
 Metaspace       used 10535K, capacity 10697K, committed 10880K, reserved 1058816K
  class space    used 997K, capacity 1057K, committed 1152K, reserved 1048576K
}
Event: 1.180 GC heap after
{Heap after GC invocations=2 (full 0):
 garbage-first heap   total 126976K, used 6860K [0x0000000085200000, 0x0000000100000000)
  region size 1024K, 1 young (1024K), 1 survivors (1024K)
 Metaspace       used 10535K, capacity 10697K, committed 10880K, reserved 1058816K
  class space    used 997K, capacity 1057K, committed 1152K, reserved 1048576K
}
Event: 1.242 GC heap before
{Heap before GC invocations=2 (full 0):
 garbage-first heap   total 126976K, used 30412K [0x0000000085200000, 0x0000000100000000)
  region size 1024K, 25 young (25600K), 1 survivors (1024K)
 Metaspace       used 11144K, capacity 11341K, committed 11392K, reserved 1058816K
  class space    used 1077K, capacity 1145K, committed 1152K, reserved 1048576K
}
Event: 1.244 GC heap after
{Heap after GC invocations=3 (full 0):
 garbage-first heap   total 126976K, used 7010K [0x0000000085200000, 0x0000000100000000)
  region size 1024K, 1 young (1024K), 1 survivors (1024K)
 Metaspace       used 11144K, capacity 11341K, committed 11392K, reserved 1058816K
  class space    used 1077K, capacity 1145K, committed 1152K, reserved 1048576K
}
Event: 2.340 GC heap before
{Heap before GC invocations=3 (full 0):
 garbage-first heap   total 126976K, used 50018K [0x0000000085200000, 0x0000000100000000)
  region size 1024K, 44 young (45056K), 1 survivors (1024K)
 Metaspace       used 17168K, capacity 17580K, committed 17664K, reserved 1064960K
  class space    used 1867K, capacity 2029K, committed 2048K, reserved 1048576K
}
Event: 2.349 GC heap after
{Heap after GC invocations=4 (full 0):
 garbage-first heap   total 126976K, used 8473K [0x0000000085200000, 0x0000000100000000)
  region size 1024K, 3 young (3072K), 3 survivors (3072K)
 Metaspace       used 17168K, capacity 17580K, committed 17664K, reserved 1064960K
  class space    used 1867K, capacity 2029K, committed 2048K, reserved 1048576K
}
Event: 2.924 GC heap before
{Heap before GC invocations=4 (full 0):
 garbage-first heap   total 126976K, used 29977K [0x0000000085200000, 0x0000000100000000)
  region size 1024K, 26 young (26624K), 3 survivors (3072K)
 Metaspace       used 20767K, capacity 21189K, committed 21248K, reserved 1069056K
  class space    used 2347K, capacity 2525K, committed 2560K, reserved 1048576K
}
Event: 2.931 GC heap after
{Heap after GC invocations=5 (full 0):
 garbage-first heap   total 126976K, used 9243K [0x0000000085200000, 0x0000000100000000)
  region size 1024K, 3 young (3072K), 3 survivors (3072K)
 Metaspace       used 20767K, capacity 21189K, committed 21248K, reserved 1069056K
  class space    used 2347K, capacity 2525K, committed 2560K, reserved 1048576K
}
Event: 3.675 GC heap before
{Heap before GC invocations=6 (full 0):
 garbage-first heap   total 126976K, used 73755K [0x0000000085200000, 0x0000000100000000)
  region size 1024K, 67 young (68608K), 3 survivors (3072K)
 Metaspace       used 24532K, capacity 25078K, committed 25216K, reserved 1071104K
  class space    used 2864K, capacity 3097K, committed 3200K, reserved 1048576K
}
Event: 3.683 GC heap after
{Heap after GC invocations=7 (full 0):
 garbage-first heap   total 152576K, used 10701K [0x0000000085200000, 0x0000000100000000)
  region size 1024K, 5 young (5120K), 5 survivors (5120K)
 Metaspace       used 24532K, capacity 25078K, committed 25216K, reserved 1071104K
  class space    used 2864K, capacity 3097K, committed 3200K, reserved 1048576K
}
Event: 6.318 GC heap before
{Heap before GC invocations=7 (full 0):
 garbage-first heap   total 152576K, used 89549K [0x0000000085200000, 0x0000000100000000)
  region size 1024K, 82 young (83968K), 5 survivors (5120K)
 Metaspace       used 32589K, capacity 33396K, committed 33408K, reserved 1079296K
  class space    used 3890K, capacity 4217K, committed 4224K, reserved 1048576K
}
Event: 6.327 GC heap after
{Heap after GC invocations=8 (full 0):
 garbage-first heap   total 152576K, used 13525K [0x0000000085200000, 0x0000000100000000)
  region size 1024K, 7 young (7168K), 7 survivors (7168K)
 Metaspace       used 32589K, capacity 33396K, committed 33408K, reserved 1079296K
  class space    used 3890K, capacity 4217K, committed 4224K, reserved 1048576K
}
Event: 7.004 GC heap before
{Heap before GC invocations=8 (full 0):
 garbage-first heap   total 152576K, used 29909K [0x0000000085200000, 0x0000000100000000)
  region size 1024K, 24 young (24576K), 7 survivors (7168K)
 Metaspace       used 34906K, capacity 35793K, committed 35840K, reserved 1081344K
  class space    used 4218K, capacity 4602K, committed 4608K, reserved 1048576K
}
Event: 7.023 GC heap after
{Heap after GC invocations=9 (full 0):
 garbage-first heap   total 152576K, used 14448K [0x0000000085200000, 0x0000000100000000)
  region size 1024K, 6 young (6144K), 6 survivors (6144K)
 Metaspace       used 34906K, capacity 35793K, committed 35840K, reserved 1081344K
  class space    used 4218K, capacity 4602K, committed 4608K, reserved 1048576K
}
Event: 8.804 GC heap before
{Heap before GC invocations=10 (full 0):
 garbage-first heap   total 152576K, used 93296K [0x0000000085200000, 0x0000000100000000)
  region size 1024K, 84 young (86016K), 6 survivors (6144K)
 Metaspace       used 38614K, capacity 39796K, committed 39884K, reserved 1083392K
  class space    used 4656K, capacity 5104K, committed 5120K, reserved 1048576K
}
Event: 8.817 GC heap after
{Heap after GC invocations=11 (full 0):
 garbage-first heap   total 152576K, used 16881K [0x0000000085200000, 0x0000000100000000)
  region size 1024K, 8 young (8192K), 8 survivors (8192K)
 Metaspace       used 38614K, capacity 39796K, committed 39884K, reserved 1083392K
  class space    used 4656K, capacity 5104K, committed 5120K, reserved 1048576K
}
Event: 11.547 GC heap before
{Heap before GC invocations=11 (full 0):
 garbage-first heap   total 152576K, used 98801K [0x0000000085200000, 0x0000000100000000)
  region size 1024K, 87 young (89088K), 8 survivors (8192K)
 Metaspace       used 48366K, capacity 49575K, committed 49740K, reserved 1093632K
  class space    used 6010K, capacity 6506K, committed 6528K, reserved 1048576K
}
Event: 11.562 GC heap after
{Heap after GC invocations=12 (full 0):
 garbage-first heap   total 152576K, used 21481K [0x0000000085200000, 0x0000000100000000)
  region size 1024K, 7 young (7168K), 7 survivors (7168K)
 Metaspace       used 48366K, capacity 49575K, committed 49740K, reserved 1093632K
  class space    used 6010K, capacity 6506K, committed 6528K, reserved 1048576K
}
Event: 13.865 GC heap before
{Heap before GC invocations=12 (full 0):
 garbage-first heap   total 152576K, used 81897K [0x0000000085200000, 0x0000000100000000)
  region size 1024K, 67 young (68608K), 7 survivors (7168K)
 Metaspace       used 58657K, capacity 59976K, committed 60236K, reserved 1101824K
  class space    used 7529K, capacity 8036K, committed 8064K, reserved 1048576K
}
Event: 13.878 GC heap after
{Heap after GC invocations=13 (full 0):
 garbage-first heap   total 183296K, used 23199K [0x0000000085200000, 0x0000000100000000)
  region size 1024K, 8 young (8192K), 8 survivors (8192K)
 Metaspace       used 58657K, capacity 59976K, committed 60236K, reserved 1101824K
  class space    used 7529K, capacity 8036K, committed 8064K, reserved 1048576K
}

