# JRE version: OpenJDK Runtime Environment AdoptOpenJDK (11.0.10+9) (build 11.0.10+9)
# Java VM: OpenJDK 64-Bit Server VM AdoptOpenJDK (11.0.10+9, mixed mode, tiered, compressed oops, g1 gc, windows-amd64)
Heap:
 garbage-first heap   total 183296K, used 39149K [0x0000000085200000, 0x0000000100000000)
  region size 1024K, 25 young (25600K), 13 survivors (13312K)
 Metaspace       used 72037K, capacity 73858K, committed 73936K, reserved 1114112K
  class space    used 9255K, capacity 9961K, committed 9984K, reserved 1048576K
GC Heap History (20 events):
Event: 1.123 GC heap before
{Heap before GC invocations=1 (full 0):
 garbage-first heap   total 126976K, used 14412K [0x0000000085200000, 0x0000000100000000)
  region size 1024K, 10 young (10240K), 2 survivors (2048K)
 Metaspace       used 11153K, capacity 11341K, committed 11392K, reserved 1058816K
  class space    used 1077K, capacity 1145K, committed 1152K, reserved 1048576K
}
Event: 1.128 GC heap after
{Heap after GC invocations=2 (full 0):
 garbage-first heap   total 126976K, used 6900K [0x0000000085200000, 0x0000000100000000)
  region size 1024K, 1 young (1024K), 1 survivors (1024K)
 Metaspace       used 11153K, capacity 11341K, committed 11392K, reserved 1058816K
  class space    used 1077K, capacity 1145K, committed 1152K, reserved 1048576K
}
Event: 1.150 GC heap before
{Heap before GC invocations=2 (full 0):
 garbage-first heap   total 126976K, used 31476K [0x0000000085200000, 0x0000000100000000)
  region size 1024K, 26 young (26624K), 1 survivors (1024K)
 Metaspace       used 11157K, capacity 11341K, committed 11392K, reserved 1058816K
  class space    used 1077K, capacity 1145K, committed 1152K, reserved 1048576K
}
Event: 1.153 GC heap after
{Heap after GC invocations=3 (full 0):
 garbage-first heap   total 126976K, used 7046K [0x0000000085200000, 0x0000000100000000)
  region size 1024K, 1 young (1024K), 1 survivors (1024K)
 Metaspace       used 11157K, capacity 11341K, committed 11392K, reserved 1058816K
  class space    used 1077K, capacity 1145K, committed 1152K, reserved 1048576K
}
Event: 2.497 GC heap before
{Heap before GC invocations=3 (full 0):
 garbage-first heap   total 126976K, used 71558K [0x0000000085200000, 0x0000000100000000)
  region size 1024K, 66 young (67584K), 1 survivors (1024K)
 Metaspace       used 20804K, capacity 21223K, committed 21248K, reserved 1069056K
  class space    used 2362K, capacity 2557K, committed 2560K, reserved 1048576K
}
Event: 2.502 GC heap after
{Heap after GC invocations=4 (full 0):
 garbage-first heap   total 126976K, used 9248K [0x0000000085200000, 0x0000000100000000)
  region size 1024K, 3 young (3072K), 3 survivors (3072K)
 Metaspace       used 20804K, capacity 21223K, committed 21248K, reserved 1069056K
  class space    used 2362K, capacity 2557K, committed 2560K, reserved 1048576K
}
Event: 3.256 GC heap before
{Heap before GC invocations=5 (full 0):
 garbage-first heap   total 126976K, used 80928K [0x0000000085200000, 0x0000000100000000)
  region size 1024K, 74 young (75776K), 3 survivors (3072K)
 Metaspace       used 25513K, capacity 26072K, committed 26236K, reserved 1073152K
  class space    used 2966K, capacity 3193K, committed 3200K, reserved 1048576K
}
Event: 3.263 GC heap after
{Heap after GC invocations=6 (full 0):
 garbage-first heap   total 126976K, used 10709K [0x0000000085200000, 0x0000000100000000)
  region size 1024K, 5 young (5120K), 5 survivors (5120K)
 Metaspace       used 25513K, capacity 26072K, committed 26236K, reserved 1073152K
  class space    used 2966K, capacity 3193K, committed 3200K, reserved 1048576K
}
Event: 5.095 GC heap before
{Heap before GC invocations=6 (full 0):
 garbage-first heap   total 126976K, used 81365K [0x0000000085200000, 0x0000000100000000)
  region size 1024K, 74 young (75776K), 5 survivors (5120K)
 Metaspace       used 32624K, capacity 33431K, committed 33788K, reserved 1079296K
  class space    used 3896K, capacity 4249K, committed 4352K, reserved 1048576K
}
Event: 5.106 GC heap after
{Heap after GC invocations=7 (full 0):
 garbage-first heap   total 152576K, used 13287K [0x0000000085200000, 0x0000000100000000)
  region size 1024K, 7 young (7168K), 7 survivors (7168K)
 Metaspace       used 32624K, capacity 33431K, committed 33788K, reserved 1079296K
  class space    used 3896K, capacity 4249K, committed 4352K, reserved 1048576K
}
Event: 5.665 GC heap before
{Heap before GC invocations=7 (full 0):
 garbage-first heap   total 152576K, used 29671K [0x0000000085200000, 0x0000000100000000)
  region size 1024K, 24 young (24576K), 7 survivors (7168K)
 Metaspace       used 34934K, capacity 35860K, committed 36048K, reserved 1081344K
  class space    used 4221K, capacity 4602K, committed 4608K, reserved 1048576K
}
Event: 5.684 GC heap after
{Heap after GC invocations=8 (full 0):
 garbage-first heap   total 152576K, used 14790K [0x0000000085200000, 0x0000000100000000)
  region size 1024K, 6 young (6144K), 6 survivors (6144K)
 Metaspace       used 34934K, capacity 35860K, committed 36048K, reserved 1081344K
  class space    used 4221K, capacity 4602K, committed 4608K, reserved 1048576K
}
Event: 7.044 GC heap before
{Heap before GC invocations=9 (full 0):
 garbage-first heap   total 152576K, used 89542K [0x0000000085200000, 0x0000000100000000)
  region size 1024K, 80 young (81920K), 6 survivors (6144K)
 Metaspace       used 38610K, capacity 39735K, committed 39888K, reserved 1083392K
  class space    used 4659K, capacity 5104K, committed 5120K, reserved 1048576K
}
Event: 7.057 GC heap after
{Heap after GC invocations=10 (full 0):
 garbage-first heap   total 152576K, used 16710K [0x0000000085200000, 0x0000000100000000)
  region size 1024K, 8 young (8192K), 8 survivors (8192K)
 Metaspace       used 38610K, capacity 39735K, committed 39888K, reserved 1083392K
  class space    used 4659K, capacity 5104K, committed 5120K, reserved 1048576K
}
Event: 8.908 GC heap before
{Heap before GC invocations=10 (full 0):
 garbage-first heap   total 152576K, used 99654K [0x0000000085200000, 0x0000000100000000)
  region size 1024K, 88 young (90112K), 8 survivors (8192K)
 Metaspace       used 47951K, capacity 49142K, committed 49488K, reserved 1091584K
  class space    used 5926K, capacity 6404K, committed 6528K, reserved 1048576K
}
Event: 8.924 GC heap after
{Heap after GC invocations=11 (full 0):
 garbage-first heap   total 152576K, used 21038K [0x0000000085200000, 0x0000000100000000)
  region size 1024K, 6 young (6144K), 6 survivors (6144K)
 Metaspace       used 47951K, capacity 49142K, committed 49488K, reserved 1091584K
  class space    used 5926K, capacity 6404K, committed 6528K, reserved 1048576K
}
Event: 10.350 GC heap before
{Heap before GC invocations=11 (full 0):
 garbage-first heap   total 152576K, used 83502K [0x0000000085200000, 0x0000000100000000)
  region size 1024K, 68 young (69632K), 6 survivors (6144K)
 Metaspace       used 58800K, capacity 60132K, committed 60240K, reserved 1101824K
  class space    used 7537K, capacity 8043K, committed 8064K, reserved 1048576K
}
Event: 10.363 GC heap after
{Heap after GC invocations=12 (full 0):
 garbage-first heap   total 183296K, used 23086K [0x0000000085200000, 0x0000000100000000)
  region size 1024K, 8 young (8192K), 8 survivors (8192K)
 Metaspace       used 58800K, capacity 60132K, committed 60240K, reserved 1101824K
  class space    used 7537K, capacity 8043K, committed 8064K, reserved 1048576K
}
Event: 71.428 GC heap before
{Heap before GC invocations=13 (full 0):
 garbage-first heap   total 183296K, used 123438K [0x0000000085200000, 0x0000000100000000)
  region size 1024K, 107 young (109568K), 8 survivors (8192K)
 Metaspace       used 70593K, capacity 72410K, committed 72528K, reserved 1112064K
  class space    used 9059K, capacity 9757K, committed 9856K, reserved 1048576K
}
Event: 71.448 GC heap after
{Heap after GC invocations=14 (full 0):
 garbage-first heap   total 183296K, used 28909K [0x0000000085200000, 0x0000000100000000)
  region size 1024K, 13 young (13312K), 13 survivors (13312K)
 Metaspace       used 70593K, capacity 72410K, committed 72528K, reserved 1112064K
  class space    used 9059K, capacity 9757K, committed 9856K, reserved 1048576K
}

