# JRE version: OpenJDK Runtime Environment AdoptOpenJDK (11.0.10+9) (build 11.0.10+9)
# Java VM: OpenJDK 64-Bit Server VM AdoptOpenJDK (11.0.10+9, mixed mode, tiered, compressed oops, g1 gc, windows-amd64)
Heap:
 garbage-first heap   total 152576K, used 15423K [0x0000000085200000, 0x0000000100000000)
  region size 1024K, 10 young (10240K), 6 survivors (6144K)
 Metaspace       used 30990K, capacity 31785K, committed 31868K, reserved 1077248K
  class space    used 3655K, capacity 3937K, committed 3964K, reserved 1048576K
GC Heap History (14 events):
Event: 0.945 GC heap before
{Heap before GC invocations=0 (full 0):
 garbage-first heap   total 126976K, used 14336K [0x0000000085200000, 0x0000000100000000)
  region size 1024K, 14 young (14336K), 0 survivors (0K)
 Metaspace       used 8764K, capacity 8835K, committed 9088K, reserved 1056768K
  class space    used 773K, capacity 795K, committed 896K, reserved 1048576K
}
Event: 0.955 GC heap after
{Heap after GC invocations=1 (full 0):
 garbage-first heap   total 126976K, used 6235K [0x0000000085200000, 0x0000000100000000)
  region size 1024K, 2 young (2048K), 2 survivors (2048K)
 Metaspace       used 8764K, capacity 8835K, committed 9088K, reserved 1056768K
  class space    used 773K, capacity 795K, committed 896K, reserved 1048576K
}
Event: 1.389 GC heap before
{Heap before GC invocations=1 (full 0):
 garbage-first heap   total 126976K, used 24667K [0x0000000085200000, 0x0000000100000000)
  region size 1024K, 21 young (21504K), 2 survivors (2048K)
 Metaspace       used 11154K, capacity 11341K, committed 11392K, reserved 1058816K
  class space    used 1077K, capacity 1145K, committed 1152K, reserved 1048576K
}
Event: 1.396 GC heap after
{Heap after GC invocations=2 (full 0):
 garbage-first heap   total 126976K, used 6880K [0x0000000085200000, 0x0000000100000000)
  region size 1024K, 1 young (1024K), 1 survivors (1024K)
 Metaspace       used 11154K, capacity 11341K, committed 11392K, reserved 1058816K
  class space    used 1077K, capacity 1145K, committed 1152K, reserved 1048576K
}
Event: 1.454 GC heap before
{Heap before GC invocations=2 (full 0):
 garbage-first heap   total 126976K, used 32480K [0x0000000085200000, 0x0000000100000000)
  region size 1024K, 27 young (27648K), 1 survivors (1024K)
 Metaspace       used 11161K, capacity 11341K, committed 11392K, reserved 1058816K
  class space    used 1077K, capacity 1145K, committed 1152K, reserved 1048576K
}
Event: 1.456 GC heap after
{Heap after GC invocations=3 (full 0):
 garbage-first heap   total 126976K, used 6739K [0x0000000085200000, 0x0000000100000000)
  region size 1024K, 1 young (1024K), 1 survivors (1024K)
 Metaspace       used 11161K, capacity 11341K, committed 11392K, reserved 1058816K
  class space    used 1077K, capacity 1145K, committed 1152K, reserved 1048576K
}
Event: 2.788 GC heap before
{Heap before GC invocations=3 (full 0):
 garbage-first heap   total 126976K, used 50771K [0x0000000085200000, 0x0000000100000000)
  region size 1024K, 44 young (45056K), 1 survivors (1024K)
 Metaspace       used 19618K, capacity 20103K, committed 20352K, reserved 1067008K
  class space    used 2178K, capacity 2375K, committed 2432K, reserved 1048576K
}
Event: 2.804 GC heap after
{Heap after GC invocations=4 (full 0):
 garbage-first heap   total 126976K, used 8788K [0x0000000085200000, 0x0000000100000000)
  region size 1024K, 3 young (3072K), 3 survivors (3072K)
 Metaspace       used 19618K, capacity 20103K, committed 20352K, reserved 1067008K
  class space    used 2178K, capacity 2375K, committed 2432K, reserved 1048576K
}
Event: 3.008 GC heap before
{Heap before GC invocations=4 (full 0):
 garbage-first heap   total 126976K, used 16980K [0x0000000085200000, 0x0000000100000000)
  region size 1024K, 12 young (12288K), 3 survivors (3072K)
 Metaspace       used 20769K, capacity 21222K, committed 21248K, reserved 1069056K
  class space    used 2353K, capacity 2557K, committed 2560K, reserved 1048576K
}
Event: 3.014 GC heap after
{Heap after GC invocations=5 (full 0):
 garbage-first heap   total 126976K, used 9145K [0x0000000085200000, 0x0000000100000000)
  region size 1024K, 3 young (3072K), 3 survivors (3072K)
 Metaspace       used 20769K, capacity 21222K, committed 21248K, reserved 1069056K
  class space    used 2353K, capacity 2557K, committed 2560K, reserved 1048576K
}
Event: 3.733 GC heap before
{Heap before GC invocations=6 (full 0):
 garbage-first heap   total 126976K, used 64441K [0x0000000085200000, 0x0000000100000000)
  region size 1024K, 58 young (59392K), 3 survivors (3072K)
 Metaspace       used 24640K, capacity 25239K, committed 25468K, reserved 1071104K
  class space    used 2885K, capacity 3129K, committed 3196K, reserved 1048576K
}
Event: 3.741 GC heap after
{Heap after GC invocations=7 (full 0):
 garbage-first heap   total 152576K, used 10558K [0x0000000085200000, 0x0000000100000000)
  region size 1024K, 5 young (5120K), 5 survivors (5120K)
 Metaspace       used 24640K, capacity 25239K, committed 25468K, reserved 1071104K
  class space    used 2885K, capacity 3129K, committed 3196K, reserved 1048576K
}
Event: 5.306 GC heap before
{Heap before GC invocations=7 (full 0):
 garbage-first heap   total 152576K, used 79166K [0x0000000085200000, 0x0000000100000000)
  region size 1024K, 73 young (74752K), 5 survivors (5120K)
 Metaspace       used 30543K, capacity 31265K, committed 31356K, reserved 1077248K
  class space    used 3598K, capacity 3891K, committed 3964K, reserved 1048576K
}
Event: 5.314 GC heap after
{Heap after GC invocations=8 (full 0):
 garbage-first heap   total 152576K, used 12351K [0x0000000085200000, 0x0000000100000000)
  region size 1024K, 6 young (6144K), 6 survivors (6144K)
 Metaspace       used 30543K, capacity 31265K, committed 31356K, reserved 1077248K
  class space    used 3598K, capacity 3891K, committed 3964K, reserved 1048576K
}

